:DIR C:/ti/ccsv5/tools/compiler/msp430_4.2.1
:DIR C:/ti/ccsv5/tools/compiler/msp430_4.2.1/bin
:FILE C:/ti/ccsv5/tools/compiler/msp430_4.2.1/bin/abs430.exe
:FILE C:/ti/ccsv5/tools/compiler/msp430_4.2.1/bin/acp430.exe
:FILE C:/ti/ccsv5/tools/compiler/msp430_4.2.1/bin/acpia430.exe
:FILE C:/ti/ccsv5/tools/compiler/msp430_4.2.1/bin/adv430.exe
:FILE C:/ti/ccsv5/tools/compiler/msp430_4.2.1/bin/ar430.exe
:FILE C:/ti/ccsv5/tools/compiler/msp430_4.2.1/bin/asm430.exe
:FILE C:/ti/ccsv5/tools/compiler/msp430_4.2.1/bin/asm430_ltd.exe
:FILE C:/ti/ccsv5/tools/compiler/msp430_4.2.1/bin/cg430.exe
:FILE C:/ti/ccsv5/tools/compiler/msp430_4.2.1/bin/cl430.exe
:FILE C:/ti/ccsv5/tools/compiler/msp430_4.2.1/bin/cl430_ltd.exe
:FILE C:/ti/ccsv5/tools/compiler/msp430_4.2.1/bin/clist430.exe
:FILE C:/ti/ccsv5/tools/compiler/msp430_4.2.1/bin/dem430.exe
:FILE C:/ti/ccsv5/tools/compiler/msp430_4.2.1/bin/dis430.exe
:FILE C:/ti/ccsv5/tools/compiler/msp430_4.2.1/bin/embed430.exe
:FILE C:/ti/ccsv5/tools/compiler/msp430_4.2.1/bin/hex430.exe
:FILE C:/ti/ccsv5/tools/compiler/msp430_4.2.1/bin/ilk430.exe
:FILE C:/ti/ccsv5/tools/compiler/msp430_4.2.1/bin/libinfo430.exe
:FILE C:/ti/ccsv5/tools/compiler/msp430_4.2.1/bin/lnk430.exe
:FILE C:/ti/ccsv5/tools/compiler/msp430_4.2.1/bin/lnk430_ltd.exe
:FILE C:/ti/ccsv5/tools/compiler/msp430_4.2.1/bin/mk430.exe
:FILE C:/ti/ccsv5/tools/compiler/msp430_4.2.1/bin/nm430.exe
:FILE C:/ti/ccsv5/tools/compiler/msp430_4.2.1/bin/ofd430.exe
:FILE C:/ti/ccsv5/tools/compiler/msp430_4.2.1/bin/opt430.exe
:FILE C:/ti/ccsv5/tools/compiler/msp430_4.2.1/bin/strip430.exe
:FILE C:/ti/ccsv5/tools/compiler/msp430_4.2.1/bin/xref430.exe
:FILE C:/ti/ccsv5/tools/compiler/msp430_4.2.1/LICENSE.txt
:FILE C:/ti/ccsv5/tools/compiler/msp430_4.2.1/RemoveRegistryKeys.exe
:FILE C:/ti/ccsv5/tools/compiler/msp430_4.2.1/SetupInCCSnRegistry.exe
:FILE C:/ti/ccsv5/tools/compiler/msp430_4.2.1/DefectHistory.txt
:FILE C:/ti/ccsv5/tools/compiler/msp430_4.2.1/MSPEABI.txt
:FILE C:/ti/ccsv5/tools/compiler/msp430_4.2.1/README.txt
:DIR C:/ti/ccsv5/tools/compiler/msp430_4.2.1/include
:FILE C:/ti/ccsv5/tools/compiler/msp430_4.2.1/include/_data_synch.h
:FILE C:/ti/ccsv5/tools/compiler/msp430_4.2.1/include/_fmt_specifier.h
:FILE C:/ti/ccsv5/tools/compiler/msp430_4.2.1/include/_isfuncdcl.h
:FILE C:/ti/ccsv5/tools/compiler/msp430_4.2.1/include/_isfuncdef.h
:FILE C:/ti/ccsv5/tools/compiler/msp430_4.2.1/include/_lock.h
:FILE C:/ti/ccsv5/tools/compiler/msp430_4.2.1/include/_mutex.h
:FILE C:/ti/ccsv5/tools/compiler/msp430_4.2.1/include/_pthread.h
:FILE C:/ti/ccsv5/tools/compiler/msp430_4.2.1/include/_reg_mutex_api.h
:FILE C:/ti/ccsv5/tools/compiler/msp430_4.2.1/include/_reg_synch_api.h
:FILE C:/ti/ccsv5/tools/compiler/msp430_4.2.1/include/_tls.h
:FILE C:/ti/ccsv5/tools/compiler/msp430_4.2.1/include/access.h
:FILE C:/ti/ccsv5/tools/compiler/msp430_4.2.1/include/algorithm
:FILE C:/ti/ccsv5/tools/compiler/msp430_4.2.1/include/assert.h
:FILE C:/ti/ccsv5/tools/compiler/msp430_4.2.1/include/bitset
:FILE C:/ti/ccsv5/tools/compiler/msp430_4.2.1/include/cassert
:FILE C:/ti/ccsv5/tools/compiler/msp430_4.2.1/include/cctype
:FILE C:/ti/ccsv5/tools/compiler/msp430_4.2.1/include/cerrno
:FILE C:/ti/ccsv5/tools/compiler/msp430_4.2.1/include/cfloat
:FILE C:/ti/ccsv5/tools/compiler/msp430_4.2.1/include/ciso646
:FILE C:/ti/ccsv5/tools/compiler/msp430_4.2.1/include/climits
:FILE C:/ti/ccsv5/tools/compiler/msp430_4.2.1/include/clocale
:FILE C:/ti/ccsv5/tools/compiler/msp430_4.2.1/include/cmath
:FILE C:/ti/ccsv5/tools/compiler/msp430_4.2.1/include/complex
:FILE C:/ti/ccsv5/tools/compiler/msp430_4.2.1/include/cpp_inline_math.h
:FILE C:/ti/ccsv5/tools/compiler/msp430_4.2.1/include/cpy_tbl.h
:FILE C:/ti/ccsv5/tools/compiler/msp430_4.2.1/include/csetjmp
:FILE C:/ti/ccsv5/tools/compiler/msp430_4.2.1/include/csignal
:FILE C:/ti/ccsv5/tools/compiler/msp430_4.2.1/include/cstdarg
:FILE C:/ti/ccsv5/tools/compiler/msp430_4.2.1/include/cstddef
:FILE C:/ti/ccsv5/tools/compiler/msp430_4.2.1/include/cstdio
:FILE C:/ti/ccsv5/tools/compiler/msp430_4.2.1/include/cstdlib
:FILE C:/ti/ccsv5/tools/compiler/msp430_4.2.1/include/cstring
:FILE C:/ti/ccsv5/tools/compiler/msp430_4.2.1/include/ctime
:FILE C:/ti/ccsv5/tools/compiler/msp430_4.2.1/include/ctype.h
:FILE C:/ti/ccsv5/tools/compiler/msp430_4.2.1/include/cwchar
:FILE C:/ti/ccsv5/tools/compiler/msp430_4.2.1/include/cwctype
:FILE C:/ti/ccsv5/tools/compiler/msp430_4.2.1/include/deque
:FILE C:/ti/ccsv5/tools/compiler/msp430_4.2.1/include/elfnames.h
:FILE C:/ti/ccsv5/tools/compiler/msp430_4.2.1/include/errno.h
:FILE C:/ti/ccsv5/tools/compiler/msp430_4.2.1/include/exception
:FILE C:/ti/ccsv5/tools/compiler/msp430_4.2.1/include/fenv.h
:FILE C:/ti/ccsv5/tools/compiler/msp430_4.2.1/include/file.h
:FILE C:/ti/ccsv5/tools/compiler/msp430_4.2.1/include/float.h
:FILE C:/ti/ccsv5/tools/compiler/msp430_4.2.1/include/fstream
:FILE C:/ti/ccsv5/tools/compiler/msp430_4.2.1/include/fstream.h
:FILE C:/ti/ccsv5/tools/compiler/msp430_4.2.1/include/functional
:FILE C:/ti/ccsv5/tools/compiler/msp430_4.2.1/include/hash_map
:FILE C:/ti/ccsv5/tools/compiler/msp430_4.2.1/include/hash_set
:FILE C:/ti/ccsv5/tools/compiler/msp430_4.2.1/include/intrinsics.h
:FILE C:/ti/ccsv5/tools/compiler/msp430_4.2.1/include/inttypes.h
:FILE C:/ti/ccsv5/tools/compiler/msp430_4.2.1/include/iomanip
:FILE C:/ti/ccsv5/tools/compiler/msp430_4.2.1/include/iomanip.h
:FILE C:/ti/ccsv5/tools/compiler/msp430_4.2.1/include/ios
:FILE C:/ti/ccsv5/tools/compiler/msp430_4.2.1/include/iosfwd
:FILE C:/ti/ccsv5/tools/compiler/msp430_4.2.1/include/iostream
:FILE C:/ti/ccsv5/tools/compiler/msp430_4.2.1/include/iostream.h
:FILE C:/ti/ccsv5/tools/compiler/msp430_4.2.1/include/iso646.h
:FILE C:/ti/ccsv5/tools/compiler/msp430_4.2.1/include/istream
:FILE C:/ti/ccsv5/tools/compiler/msp430_4.2.1/include/iterator
:FILE C:/ti/ccsv5/tools/compiler/msp430_4.2.1/include/limits
:FILE C:/ti/ccsv5/tools/compiler/msp430_4.2.1/include/limits.h
:FILE C:/ti/ccsv5/tools/compiler/msp430_4.2.1/include/linkage.h
:FILE C:/ti/ccsv5/tools/compiler/msp430_4.2.1/include/list
:FILE C:/ti/ccsv5/tools/compiler/msp430_4.2.1/include/locale
:FILE C:/ti/ccsv5/tools/compiler/msp430_4.2.1/include/locale.h
:FILE C:/ti/ccsv5/tools/compiler/msp430_4.2.1/include/map
:FILE C:/ti/ccsv5/tools/compiler/msp430_4.2.1/include/math.h
:FILE C:/ti/ccsv5/tools/compiler/msp430_4.2.1/include/mathcpp.h
:FILE C:/ti/ccsv5/tools/compiler/msp430_4.2.1/include/memory
:FILE C:/ti/ccsv5/tools/compiler/msp430_4.2.1/include/new
:FILE C:/ti/ccsv5/tools/compiler/msp430_4.2.1/include/new.h
:FILE C:/ti/ccsv5/tools/compiler/msp430_4.2.1/include/numeric
:FILE C:/ti/ccsv5/tools/compiler/msp430_4.2.1/include/ostream
:FILE C:/ti/ccsv5/tools/compiler/msp430_4.2.1/include/queue
:FILE C:/ti/ccsv5/tools/compiler/msp430_4.2.1/include/rope
:FILE C:/ti/ccsv5/tools/compiler/msp430_4.2.1/include/set
:FILE C:/ti/ccsv5/tools/compiler/msp430_4.2.1/include/setjmp.h
:FILE C:/ti/ccsv5/tools/compiler/msp430_4.2.1/include/signal.h
:FILE C:/ti/ccsv5/tools/compiler/msp430_4.2.1/include/slist
:FILE C:/ti/ccsv5/tools/compiler/msp430_4.2.1/include/sstream
:FILE C:/ti/ccsv5/tools/compiler/msp430_4.2.1/include/stack
:FILE C:/ti/ccsv5/tools/compiler/msp430_4.2.1/include/stdarg.h
:FILE C:/ti/ccsv5/tools/compiler/msp430_4.2.1/include/stdbool.h
:FILE C:/ti/ccsv5/tools/compiler/msp430_4.2.1/include/stddef.h
:FILE C:/ti/ccsv5/tools/compiler/msp430_4.2.1/include/stdexcept
:FILE C:/ti/ccsv5/tools/compiler/msp430_4.2.1/include/stdint.h
:FILE C:/ti/ccsv5/tools/compiler/msp430_4.2.1/include/stdio.h
:FILE C:/ti/ccsv5/tools/compiler/msp430_4.2.1/include/stdiostream.h
:FILE C:/ti/ccsv5/tools/compiler/msp430_4.2.1/include/stdlib.h
:FILE C:/ti/ccsv5/tools/compiler/msp430_4.2.1/include/stl.h
:FILE C:/ti/ccsv5/tools/compiler/msp430_4.2.1/include/streambuf
:FILE C:/ti/ccsv5/tools/compiler/msp430_4.2.1/include/string
:FILE C:/ti/ccsv5/tools/compiler/msp430_4.2.1/include/string.h
:FILE C:/ti/ccsv5/tools/compiler/msp430_4.2.1/include/strings.h
:FILE C:/ti/ccsv5/tools/compiler/msp430_4.2.1/include/strstream
:FILE C:/ti/ccsv5/tools/compiler/msp430_4.2.1/include/strstream.h
:FILE C:/ti/ccsv5/tools/compiler/msp430_4.2.1/include/time.h
:FILE C:/ti/ccsv5/tools/compiler/msp430_4.2.1/include/typeinfo
:FILE C:/ti/ccsv5/tools/compiler/msp430_4.2.1/include/unaccess.h
:FILE C:/ti/ccsv5/tools/compiler/msp430_4.2.1/include/utility
:FILE C:/ti/ccsv5/tools/compiler/msp430_4.2.1/include/valarray
:FILE C:/ti/ccsv5/tools/compiler/msp430_4.2.1/include/vector
:FILE C:/ti/ccsv5/tools/compiler/msp430_4.2.1/include/wchar.h
:FILE C:/ti/ccsv5/tools/compiler/msp430_4.2.1/include/wchar.hx
:FILE C:/ti/ccsv5/tools/compiler/msp430_4.2.1/include/wctype.h
:FILE C:/ti/ccsv5/tools/compiler/msp430_4.2.1/include/xcomplex
:FILE C:/ti/ccsv5/tools/compiler/msp430_4.2.1/include/xdebug
:FILE C:/ti/ccsv5/tools/compiler/msp430_4.2.1/include/xhash
:FILE C:/ti/ccsv5/tools/compiler/msp430_4.2.1/include/xiosbase
:FILE C:/ti/ccsv5/tools/compiler/msp430_4.2.1/include/xlocale
:FILE C:/ti/ccsv5/tools/compiler/msp430_4.2.1/include/xlocinfo
:FILE C:/ti/ccsv5/tools/compiler/msp430_4.2.1/include/xlocinfo.h
:FILE C:/ti/ccsv5/tools/compiler/msp430_4.2.1/include/xlocmes
:FILE C:/ti/ccsv5/tools/compiler/msp430_4.2.1/include/xlocmon
:FILE C:/ti/ccsv5/tools/compiler/msp430_4.2.1/include/xlocnum
:FILE C:/ti/ccsv5/tools/compiler/msp430_4.2.1/include/xloctime
:FILE C:/ti/ccsv5/tools/compiler/msp430_4.2.1/include/xmemory
:FILE C:/ti/ccsv5/tools/compiler/msp430_4.2.1/include/xstddef
:FILE C:/ti/ccsv5/tools/compiler/msp430_4.2.1/include/xstring
:FILE C:/ti/ccsv5/tools/compiler/msp430_4.2.1/include/xtree
:FILE C:/ti/ccsv5/tools/compiler/msp430_4.2.1/include/xutility
:FILE C:/ti/ccsv5/tools/compiler/msp430_4.2.1/include/xwcc.h
:FILE C:/ti/ccsv5/tools/compiler/msp430_4.2.1/include/ymath.h
:FILE C:/ti/ccsv5/tools/compiler/msp430_4.2.1/include/yvals.h
:DIR C:/ti/ccsv5/tools/compiler/msp430_4.2.1/lib
:FILE C:/ti/ccsv5/tools/compiler/msp430_4.2.1/lib/libc.a
:FILE C:/ti/ccsv5/tools/compiler/msp430_4.2.1/lib/lnk.cmd
:FILE C:/ti/ccsv5/tools/compiler/msp430_4.2.1/lib/lnkx.cmd
:FILE C:/ti/ccsv5/tools/compiler/msp430_4.2.1/lib/lnkxl.cmd
:FILE C:/ti/ccsv5/tools/compiler/msp430_4.2.1/lib/mklib
:FILE C:/ti/ccsv5/tools/compiler/msp430_4.2.1/lib/mklib.c
:FILE C:/ti/ccsv5/tools/compiler/msp430_4.2.1/lib/mklib.exe
:FILE C:/ti/ccsv5/tools/compiler/msp430_4.2.1/lib/rts430.lib
:FILE C:/ti/ccsv5/tools/compiler/msp430_4.2.1/lib/rts430_eabi.lib
:FILE C:/ti/ccsv5/tools/compiler/msp430_4.2.1/lib/rts430x.lib
:FILE C:/ti/ccsv5/tools/compiler/msp430_4.2.1/lib/rts430x_lc_rd.lib
:FILE C:/ti/ccsv5/tools/compiler/msp430_4.2.1/lib/rts430x_lc_rd_eabi.lib
:FILE C:/ti/ccsv5/tools/compiler/msp430_4.2.1/lib/rts430x_lc_sd_eabi.lib
:FILE C:/ti/ccsv5/tools/compiler/msp430_4.2.1/lib/RTS_4_2_1_Manifest.pdf
:FILE C:/ti/ccsv5/tools/compiler/msp430_4.2.1/lib/rtssrc.zip
:FILE C:/ti/ccsv5/tools/compiler/msp430_4.2.1/install.log
